<?xml version="1.0" encoding="UTF-8"?>
<testng-results ignored="0" total="1" passed="1" failed="0" skipped="0">
  <reporter-output>
  </reporter-output>
  <suite started-at="2018-06-27T09:05:04Z" name="Suite" finished-at="2018-06-27T09:05:20Z" duration-ms="15754">
    <groups>
    </groups>
    <test started-at="2018-06-27T09:05:04Z" name="Test" finished-at="2018-06-27T09:05:20Z" duration-ms="15754">
      <class name="jenkinsDemo.jenkins">
        <test-method signature="jen()[pri:0, instance:jenkinsDemo.jenkins@3fc2959f]" started-at="2018-06-27T14:35:04Z" name="jen" finished-at="2018-06-27T14:35:20Z" duration-ms="15717" status="PASS">
          <reporter-output>
          </reporter-output>
        </test-method> <!-- jen -->
      </class> <!-- jenkinsDemo.jenkins -->
    </test> <!-- Test -->
  </suite> <!-- Suite -->
</testng-results>
